python: can't open file 'agent.-t': [Errno 2] No such file or directory
[?1049h[1;24r(B[m[4l[?7h[H[2J
user[2;17H1.6024[2;32H
nice[3;17H0[3;32H
system[4;17H0.801202[32G
idle[5;17H97.2959[5;32H
iowait[6;17H0.250376[32G
irq[7;17H0.0500751[32G
softirq[8;17H0[8;32H
steal[9;17H0[9;32H
guest[10;17H0[10;32H
guest_nice[17G0[11;32H[2;19H95293[2;32H
[4;19H951427[32G[5;18H6.8953[5;32H[6;19H150225[32G




[2;17H2.2022[K[2;32H
[4;17H1.001[K[4;32H[5;20H0961[5;32H[6;20H001[K[6;32H[7;19H600601[K[32G



[2;19H003[K[2;32H
[4;17H0.951427[32G[5;20H745[5;32H[6;19H250376[32G[7;19H0500751[32G



[2;19H1021[2;32H
[4;17H1.001[K[4;32H[5;22H67[5;32H[6;19H1001[K[6;32H[7;23H50[32G



[2;19H05205[2;32H
[4;17H0.950951[32G[5;20H8468[5;32H





[2;17H1.5022[2;32H
[4;19H751127[32G[5;18H7.2959[5;32H[6;19H400601[32G[7;23H75[32G



[2;19H7517[2;32H
[4;19H850851[32G[5;20H3473[5;32H[6;18H[K[6;32H[7;23H50[32G



[2;19H3019[2;32H
[4;19H60090[4;32H[5;20H6965[5;32H[6;18H.400601[32G[7;18H[K[7;32H



[2;17H2.0520[2;32H
[4;19H95095[4;32H[5;18H6.7467[5;32H[6;19H2002[K[6;32H[7;18H.0500501[32G



[2;19H2033[K[2;32H
[4;17H1.10165[K[4;32H[5;20H5949[5;32H[6;19H0500751[32G[7;23H75[32G



[2;21H11[2;32H
[4;19H05053[4;32H[5;22H83[5;32H[6;19H10005[K[6;32H[7;23H25[K[32G



[2;19H30461[2;32H
[4;20H02[K[4;32H[5;18H5.6914[5;32H[6;19H951904[32G[7;22H1002[32G



[2;19H25338[2;32H
[4;19H15173[4;32H[5;18H6.4447[5;32H[6;19H10015[K[6;32H[7;22H0751[32G



[2;17H1.95391[2;32H
[4;17H0.851703[32G[5;20H994[K[5;32H[6;22H2[K[6;32H[7;19H1002[K[7;32H



[2;19H7535[2;32H
[4;20H016[4;32H[5;18H7.0942[5;32H[6;19H350701[32G[7;18H[K[7;32H



[2;17H3.0060[2;32H
[4;17H1.35271[K[4;32H[5;18H5.3407[5;32H[6;19H2004[6;32H[7;18H.1002[7;32H



[2;17H2.7555[2;32H
[4;19H2525[4;32H[5;20H5912[5;32H[6;19H3507[6;32H[7;19H0501002[32G



[2;19H90436[2;32H
[4;19H35203[4;32H[5;20H3931[5;32H[6;20H0045[6;32H[7;22H0751[32G



[2;19H25338[2;32H
[4;19H05158[4;32H[5;18H6.645[K[5;32H[6;18H[K[6;32H




[2;17H3.25325[2;32H
[4;19H5015[K[4;32H[5;18H4.7948[5;32H[6;18H.15015[6;32H[7;19H3003[K[7;32H



[2;19H0530[2;32H
[4;19H4014[4;32H[5;18H5.0951[5;32H[6;19H2002[K[6;32H[7;19H25025[7;32H



[2;17H2.50752[2;32H
[4;19H15346[4;32H[5;20H9378[5;32H[6;19H351053[32G[7;19H0501505[32G



[2;19H65265[2;32H
[4;19H2012[K[4;32H[5;18H6.0961[5;32H[6;18H[K[6;32H[7;22H0501[32G



[2;17H3.25651[2;32H
[4;19H45291[4;32H[5;18H5.1403[5;32H[6;18H.1002[6;32H[7;22H1002[32G



[2;17H2.7027[K[2;32H
[4;19H25125[4;32H[5;20H295[5;32H[6;19H4004[6;32H[7;19H35035[K[7;32H



[2;17H3.25488[2;32H
[4;19H35203[4;32H[5;18H4.9925[5;32H[6;19H2003[6;32H[7;19H2003[K[7;32H



[2;20H032[K[2;32H
[4;19H4014[K[4;32H[5;22H5[K[5;32H[6;20H5025[6;32H[7;19H15015[7;32H



[2;17H2.75551[2;32H
[4;19H202[4;32H[5;18H5.8918[5;32H[6;19H1002[K[6;32H[7;19H0501002[32G



[2;19H9029[K[2;32H
[4;19H3013[4;32H[5;18H4.6947[5;32H[6;17H1.05105[6;32H[7;22H0501[32G



[2;19H3023[2;32H
[4;19H1011[4;32H[5;18H6.0961[5;32H[6;17H0.4504[6;32H




[2;17H3.00601[2;32H
[4;19H30261[4;32H[5;18H5.491[K[5;32H[6;19H150301[32G[7;22H1002[32G



[2;17H2.9058[2;32H

[5;20H7415[5;32H[6;18H[K[6;32H




[2;19H1021[K[2;32H
[4;17H0.950951[32G[5;18H6.7467[5;32H[6;18H.15015[6;32H[7;22H0501[32G



[2;19H75551[2;32H
[4;17H1.25251[K[4;32H[5;18H5.841[5;32H[6;20H002[K[6;32H[7;22H1002[32G



[2;19H8557[2;32H

[5;20H491[K[5;32H[6;19H300601[32G[7;19H1002[K[7;32H



[2;17H3.3066[2;32H
[4;19H4028[4;32H[5;20H1403[5;32H[6;19H1002[K[6;32H[7;19H0501002[32G



[2;17H1.95195[2;32H
[4;19H001[K[4;32H[5;18H6.6466[5;32H[6;19H35035[6;32H[7;22H0501[32G



[2;17H3.05764[2;32H
[4;19H30326[4;32H[5;18H5.3383[5;32H[6;19H250627[32G[7;22H1253[32G



[2;19H65548[2;32H
[4;19H50225[4;32H[5;18H4.7922[5;32H[6;18H[K[6;32H[7;22H0751[32G



[2;17H2.70541[2;32H
[4;19H1523[K[4;32H[5;18H6.0421[5;32H[6;18H.0501002[32G[7;22H1002[32G



[2;17H4.75714[2;32H[3;18H.150225[32G[4;17H2.003[K[4;32H[5;18H2.1883[5;32H[6;19H851277[K[32G[7;22H0751[32G



[2;19H46115[2;32H[3;18H[K[3;32H[4;17H1.95489[4;32H[5;18H3.0326[5;32H[6;19H501253[32G[7;22H1253[32G



[2;17H7.31463[2;32H[3;18H.1002[3;32H[4;17H2.60521[4;32H[5;17H89.779[5;32H[6;19H150301[32G[7;23H002[32G



[2;17H2.15215[2;32H[3;18H[K[3;32H[4;17H1.1011[K[4;32H[5;17H95.7457[5;32H[6;19H55055[6;32H[7;19H45045[K[7;32H



[2;19H7027[K[2;32H
[4;19H2012[4;32H[5;21H958[5;32H[6;19H2002[K[6;32H[7;19H1001[K[7;32H



[2;17H3.30661[2;32H
[4;19H40281[4;32H[5;18H4.889[5;32H[6;19H350701[32G[7;19H0501002[32G



[2;17H2.6052[2;32H
[4;19H1022[K[4;32H[5;18H6.2425[5;32H[6;18H[K[6;32H




[2;19H35235[2;32H
[4;21H11[4;32H[5;22H62[5;32H[6;18H.25025[6;32H[7;22H0501[32G



[2;19H70406[2;32H
[4;19H2018[4;32H[5;18H5.2429[5;32H[6;19H500751[32G[7;19H350526[K[32G



[2;20H5551[2;32H
[4;20H5251[4;32H[5;20H3407[5;32H[6;19H601202[32G[7;19H0501002[32G



[2;19H55255[2;32H
[4;20H012[K[4;32H[5;18H6.046[K[5;32H[6;19H15015[K[6;32H[7;22H0501[32G



[2;19H65398[2;32H
[4;19H15173[4;32H[5;20H1442[5;32H[6;18H[K[6;32H[7;23H75[32G



[2;17H1.3506[2;32H
[4;17H0.650325[32G[5;18H7.2486[5;32H[6;18H.70035[6;32H[7;23H25[K[32G



[2;17H3.7594[K[2;32H
[4;17H1.65414[K[4;32H[5;18H4.386[K[5;32H[6;19H150376[32G[7;22H1253[32G



[2;17H2.6013[2;32H
[4;19H2006[K[4;32H[5;18H5.948[5;32H[6;22H075[32G[7;19H10005[K[7;32H



[2;19H45614[2;32H
[4;19H15288[4;32H[5;18H6.2907[5;32H[6;19H0501253[32G[7;19H0501253[32G



[2;17H3.30661[2;32H
[4;19H40281[4;32H[5;18H5.0902[5;32H[6;19H150301[K[32G[7;23H002[32G



[2;17H2.8042[2;32H
[4;19H30195[4;32H[5;20H443[5;32H[6;19H4006[6;32H[7;22H0751[32G



[2;19H4036[2;32H[3;18H.0500751[32G[4;19H05158[4;32H[5;18H6.4447[5;32H[6;18H[K[6;32H




[2;17H1.90095[2;32H[3;18H[K[3;32H[4;17H0.90045[4;32H[5;20H8484[5;32H[6;18H.30015[6;32H[7;23H25[K[32G



[2;19H6016[K[2;32H
[4;19H700701[32G[5;18H7.1471[5;32H[6;19H500501[32G[7;23H501[32G



[2;19H70255[2;32H
[4;19H851277[32G[5;21H958[5;32H[6;19H2003[K[6;32H[7;23H75[32G



[2;17H2.85428[2;32H
[4;17H1.2018[K[4;32H[5;18H5.893[5;32H[6;18H[K[6;32H




[2;17H1.8018[K[2;32H
[4;17H0.800801[32G[5;18H7.1972[5;32H[6;18H.15015[6;32H[7;23H50[32G



[2;19H9019[2;32H
[4;20H5085[4;32H[5;18H6.6967[5;32H[6;19H500501[32G




[2;19H5015[2;32H
[4;19H6506[4;32H[5;18H7.3974[5;32H[6;19H4004[K[6;32H




[2;19H6016[2;32H
[4;19H70070[4;32H[5;20H6476[5;32H[6;18H[K[6;32H




[2;19H15058[2;32H
[4;19H50025[K[4;32H[5;20H7489[5;32H[6;18H.150075[32G[7;19H450225[K[32G



[2;19H70255[2;32H
[4;19H751127[32G[5;20H3961[5;32H[6;20H0015[K[6;32H[7;19H0500751[32G



[2;19H4021[K[2;32H
[4;19H600901[32G[5;20H8468[5;32H[6;20H50225[32G[7;18H[K[7;32H



[2;21H07[2;32H
[4;22H3[K[4;32H[5;22H89[5;32H[6;20H0005[K[6;32H[7;18H.050025[32G



[2;19H54923[2;32H
[4;20H9965[4;32H[5;20H6012[5;32H[6;19H0999[6;32H[7;20H4997[7;32H



[2;19H65331[2;32H
[4;20H51303[32G[5;20H0441[5;32H[6;19H350701[32G[7;19H300601[32G



[2;20H[K[2;32H
[4;19H75[K[4;32H[5;20H4[K[5;32H[6;19H2[K[6;32H[7;19H05[K[7;32H



[2;19H50075[2;32H
[4;20H0035[4;32H[5;20H7489[5;32H[6;18H[K[6;32H[7;21H0025[32G



[2;19H4514[2;32H
[4;19H650651[32G[5;22H77[5;32H[6;18H.1001[6;32H[7;23H501[32G



[2;32H

[5;20H4474[5;32H[6;19H4004[6;32H




[2;19H5007[2;32H
[4;20H003[K[4;32H[5;20H8989[5;32H[6;18H[K[6;32H[7;18H[K[7;32H



[2;19H4007[K[2;32H
[4;20H50325[32G[5;20H4487[5;32H[6;18H.450225[32G[7;18H.050025[32G



[2;19H6016[2;32H
[4;19H700701[32G[5;20H5475[5;32H[6;19H1001[K[6;32H[7;23H501[32G



[2;17H2.8028[2;32H
[4;17H1.35135[K[4;32H[5;18H5.6456[5;32H[6;20H5015[6;32H




[2;19H55511[2;32H
[4;19H1523[K[4;32H[5;18H6.0922[5;32H[6;22H301[32G[7;22H1002[32G



[2;19H70406[2;32H
[4;19H30195[4;32H[5;18H5.3931[5;32H[6;19H550826[32G[7;22H0751[32G



[2;19H2033[K[2;32H
[4;19H05158[4;32H[5;18H6.5949[5;32H[6;19H10015[K[6;32H




[2;19H30346[2;32H
[4;19H2018[K[4;32H[5;20H0441[5;32H[6;19H400601[32G




[2;17H1.55155[2;32H
[4;17H0.700701[32G[5;18H7.6977[5;32H[6;18H[K[6;32H[7;23H50[32G



[2;19H6516[2;32H
[4;20H5075[4;32H[5;20H4975[5;32H[6;18H.0500501[32G




[2;19H4514[2;32H
[4;20H0070[4;32H[5;20H6977[5;32H[6;19H1001[K[6;32H




[2;19H75263[2;32H
[4;20H51127[32G[5;20H2959[5;32H[6;20H50225[32G[7;23H75[32G



[2;19H4014[K[2;32H
[4;19H650651[32G[5;20H4474[5;32H[6;19H45045[K[6;32H[7;23H50[32G



[2;19H25063[2;32H
[4;19H550275[32G[5;20H5988[5;32H[6;19H550275[32G[7;23H25[K[32G



[2;19H5523[2;32H
[4;19H701052[32G[5;20H346[K[5;32H[6;18H[K[6;32H[7;19H400601[32G



[2;19H4021[K[2;32H
[4;19H600901[32G[5;20H7967[5;32H[6;18H.150225[32G[7;19H0500751[32G



[2;19H65[K[2;32H
[4;20H5[K[4;32H[5;20H5[K[5;32H[6;21H[K[6;32H[7;21H[K[7;32H



[2;17H2.1021[2;32H
[4;17H1.1011[4;32H[5;18H6.6466[5;32H[6;20H001[6;32H[7;21H00501[32G



[2;19H002[K[2;32H
[4;17H0.950951[32G[5;20H8969[5;32H





[2;17H1.95195[2;32H
[4;20H0090[4;32H[5;20H5966[5;32H[6;19H25025[6;32H[7;19H3003[K[7;32H



[2;19H5022[2;32H
[4;19H701052[32G[5;18H7.5463[5;32H[6;22H376[32G[7;18H[K[7;32H



[2;17H2.003[K[2;32H
[4;19H951427[32G[5;18H6.7952[5;32H[6;20H003[K[6;32H[7;18H.0500751[32G



[2;19H3023[2;32H
[4;17H1.05105[K[4;32H[5;20H3964[5;32H[6;22H2[6;32H[7;23H50[32G



[2;19H10105[2;32H
[4;21H053[4;32H[5;18H5.6478[5;32H[6;17H1.15058[6;32H[7;23H25[K[32G



[2;19H05411[2;32H
[4;20H02[K[4;32H[5;18H6.5431[5;32H[6;17H0.350701[32G[7;22H1002[32G



[2;19H2044[2;32H
[4;19H1523[4;32H[5;20H2425[5;32H





[2;17H1.95293[2;32H
[4;19H0015[4;32H[5;20H7952[5;32H[6;19H2003[K[6;32H[7;22H0751[32G



[2;19H4507[2;32H
[4;17H0.650325[32G[5;18H7.7489[5;32H[6;19H10005[6;32H[7;23H25[K[32G



[2;19H5[K[2;32H
[4;19H7[K[4;32H[5;20H6[K[5;32H[6;20H5[K[6;32H[7;21H[K[7;32H



[2;19H4[2;32H
[4;19H65[4;32H[5;20H85[5;32H[6;19H0[6;32H




[2;19H7017[2;32H
[4;19H750751[32G[5;18H6.8969[5;32H[6;19H600601[32G[7;21H00501[32G



[2;19H50225[2;32H
[4;20H01052[32G[5;18H7.6965[5;32H[6;19H0500751[32G[7;23H75[32G



[2;20H5[K[2;32H
[4;20H5[K[4;32H[5;20H2[K[5;32H[6;19H45[K[6;32H[7;21H[K[7;32H



[2;19H25125[2;32H
[4;19H600601[32G[5;20H9479[5;32H[6;19H2002[6;32H[7;18H[K[7;32H



[2;19H5515[2;32H
[4;19H7007[4;32H[5;20H6977[5;32H[6;18H[K[6;32H[7;18H.0500501[32G



[2;19H6516[2;32H
[4;19H65065[4;32H[5;20H5475[5;32H[6;18H.1001[6;32H




[2;19H8518[2;32H
[4;19H80080[4;32H[5;18H6.8969[5;32H[6;19H4004[6;32H




[2;19H95098[2;32H
[4;20H50425[32G[5;18H5.5978[5;32H[6;17H1.55078[6;32H[7;23H25[K[32G



[2;17H2.15431[2;32H
[4;17H1.002[K[4;32H[5;18H6.3427[5;32H[6;17H0[K[6;32H[7;19H501002[32G



[2;17H1.85185[2;32H
[4;17H0.850851[32G[5;18H7.047[K[5;32H[6;18H.2002[6;32H[7;19H0500501[32G



[2;17H2.15323[2;32H
[4;17H1.05158[K[4;32H[5;18H6.645[5;32H[6;19H10015[6;32H[7;23H75[32G



[2;19H45245[2;32H
[4;19H15115[4;32H[5;20H2462[5;32H[6;23H [6;32H[7;23H50[32G



[2;17H3.25488[2;32H
[4;19H4021[K[4;32H[5;18H5.1427[5;32H[6;20H50225[32G[7;23H75[32G



[2;17H2.7027[K[2;32H
[4;19H25125[4;32H[5;20H5956[5;32H[6;20H001[K[6;32H[7;19H35035[K[7;32H



[2;19H002[K[2;32H
[4;17H0.850851[32G[5;21H455[5;32H[6;17H1.55155[6;32H[7;19H0500501[32G



[2;17H1.6008[2;32H
[4;19H70035[K[4;32H[5;18H7.4987[5;32H[6;17H0.150075[32G[7;23H25[K[32G



[2;19H75263[2;32H
[4;20H51127[32G[5;22H62[5;32H[6;18H[K[6;32H[7;18H[K[7;32H



[2;19H3520[2;32H
[4;19H550826[32G[5;20H7466[5;32H[6;18H.300451[32G[7;18H.0500751[32G



[2;19H8018[K[2;32H
[4;19H800801[32G[5;18H6.997[K[5;32H[6;20H5035[K[6;32H[7;23H50[32G



[2;19H5[K[2;32H
[4;19H65[K[4;32H[5;18H7.45[K[5;32H[6;21H[K[6;32H[7;21H[K[7;32H



[2;20H5078[2;32H
[4;19H70035[4;32H[5;20H6988[5;32H[6;18H[K[6;32H[7;21H0025[32G



[2;19H45145[2;32H
[4;19H550551[32G[5;20H9479[5;32H[6;18H.0500501[32G[7;18H[K[7;32H



[2;21H073[2;32H
[4;22H275[32G[5;20H848[5;32H[6;19H10005[K[6;32H[7;18H.050025[32G



[2;19H9019[K[2;32H
[4;19H800801[32G[5;18H6.4464[5;32H[6;19H800801[32G[7;23H501[32G



[2;19H85185[2;32H
[4;20H5085[4;32H[5;18H7.047[K[5;32H[6;19H2002[K[6;32H




[2;19H45073[2;32H
[4;19H650325[32G[5;20H7989[5;32H[6;19H050025[32G[7;23H25[K[32G



[2;17H2.90581[2;32H
[4;17H1.40281[K[4;32H[5;18H5.2405[5;32H[6;19H400802[32G[7;22H1002[32G



